/home/ubuntu/find-foody-friend/root/flaskr/index.py: 2: /home/ubuntu/find-foody-friend/root/flaskr/index.py: : not found
from: can't read /var/mail/flask
/home/ubuntu/find-foody-friend/root/flaskr/index.py: 4: /home/ubuntu/find-foody-friend/root/flaskr/index.py: import: not found
/home/ubuntu/find-foody-friend/root/flaskr/index.py: 5: /home/ubuntu/find-foody-friend/root/flaskr/index.py: import: not found
from: can't read /var/mail/pymongo
/home/ubuntu/find-foody-friend/root/flaskr/index.py: 8: /home/ubuntu/find-foody-friend/root/flaskr/index.py: import: not found
/home/ubuntu/find-foody-friend/root/flaskr/index.py: 9: /home/ubuntu/find-foody-friend/root/flaskr/index.py: import: not found
/home/ubuntu/find-foody-friend/root/flaskr/index.py: 10: /home/ubuntu/find-foody-friend/root/flaskr/index.py: import: not found
/home/ubuntu/find-foody-friend/root/flaskr/index.py: 11: /home/ubuntu/find-foody-friend/root/flaskr/index.py: import: not found
/home/ubuntu/find-foody-friend/root/flaskr/index.py: 12: /home/ubuntu/find-foody-friend/root/flaskr/index.py: : not found
/home/ubuntu/find-foody-friend/root/flaskr/index.py: 13: /home/ubuntu/find-foody-friend/root/flaskr/index.py: DEBUG: not found
/home/ubuntu/find-foody-friend/root/flaskr/index.py: 14: /home/ubuntu/find-foody-friend/root/flaskr/index.py: SECRET_KEY: not found
/home/ubuntu/find-foody-friend/root/flaskr/index.py: 15: /home/ubuntu/find-foody-friend/root/flaskr/index.py: : not found
/home/ubuntu/find-foody-friend/root/flaskr/index.py: 16: /home/ubuntu/find-foody-friend/root/flaskr/index.py: Syntax error: "(" unexpected
/home/ubuntu/find-foody-friend/root/flaskr/index.py: 2: /home/ubuntu/find-foody-friend/root/flaskr/index.py: : not found
from: can't read /var/mail/flask
/home/ubuntu/find-foody-friend/root/flaskr/index.py: 4: /home/ubuntu/find-foody-friend/root/flaskr/index.py: import: not found
/home/ubuntu/find-foody-friend/root/flaskr/index.py: 5: /home/ubuntu/find-foody-friend/root/flaskr/index.py: import: not found
from: can't read /var/mail/pymongo
/home/ubuntu/find-foody-friend/root/flaskr/index.py: 8: /home/ubuntu/find-foody-friend/root/flaskr/index.py: import: not found
/home/ubuntu/find-foody-friend/root/flaskr/index.py: 9: /home/ubuntu/find-foody-friend/root/flaskr/index.py: import: not found
/home/ubuntu/find-foody-friend/root/flaskr/index.py: 10: /home/ubuntu/find-foody-friend/root/flaskr/index.py: import: not found
/home/ubuntu/find-foody-friend/root/flaskr/index.py: 11: /home/ubuntu/find-foody-friend/root/flaskr/index.py: import: not found
/home/ubuntu/find-foody-friend/root/flaskr/index.py: 12: /home/ubuntu/find-foody-friend/root/flaskr/index.py: : not found
/home/ubuntu/find-foody-friend/root/flaskr/index.py: 13: /home/ubuntu/find-foody-friend/root/flaskr/index.py: DEBUG: not found
/home/ubuntu/find-foody-friend/root/flaskr/index.py: 14: /home/ubuntu/find-foody-friend/root/flaskr/index.py: SECRET_KEY: not found
/home/ubuntu/find-foody-friend/root/flaskr/index.py: 15: /home/ubuntu/find-foody-friend/root/flaskr/index.py: : not found
/home/ubuntu/find-foody-friend/root/flaskr/index.py: 16: /home/ubuntu/find-foody-friend/root/flaskr/index.py: Syntax error: "(" unexpected
/home/ubuntu/find-foody-friend/root/flaskr/index.py: 2: /home/ubuntu/find-foody-friend/root/flaskr/index.py: : not found
from: can't read /var/mail/flask
/home/ubuntu/find-foody-friend/root/flaskr/index.py: 4: /home/ubuntu/find-foody-friend/root/flaskr/index.py: import: not found
/home/ubuntu/find-foody-friend/root/flaskr/index.py: 5: /home/ubuntu/find-foody-friend/root/flaskr/index.py: import: not found
from: can't read /var/mail/pymongo
/home/ubuntu/find-foody-friend/root/flaskr/index.py: 8: /home/ubuntu/find-foody-friend/root/flaskr/index.py: import: not found
/home/ubuntu/find-foody-friend/root/flaskr/index.py: 9: /home/ubuntu/find-foody-friend/root/flaskr/index.py: import: not found
/home/ubuntu/find-foody-friend/root/flaskr/index.py: 10: /home/ubuntu/find-foody-friend/root/flaskr/index.py: import: not found
/home/ubuntu/find-foody-friend/root/flaskr/index.py: 11: /home/ubuntu/find-foody-friend/root/flaskr/index.py: import: not found
/home/ubuntu/find-foody-friend/root/flaskr/index.py: 12: /home/ubuntu/find-foody-friend/root/flaskr/index.py: : not found
/home/ubuntu/find-foody-friend/root/flaskr/index.py: 13: /home/ubuntu/find-foody-friend/root/flaskr/index.py: DEBUG: not found
/home/ubuntu/find-foody-friend/root/flaskr/index.py: 14: /home/ubuntu/find-foody-friend/root/flaskr/index.py: SECRET_KEY: not found
/home/ubuntu/find-foody-friend/root/flaskr/index.py: 15: /home/ubuntu/find-foody-friend/root/flaskr/index.py: : not found
/home/ubuntu/find-foody-friend/root/flaskr/index.py: 16: /home/ubuntu/find-foody-friend/root/flaskr/index.py: Syntax error: "(" unexpected
